<?xml version="1.0" encoding="UTF-8"?>
<!-- Generated by org.testng.reporters.JUnitReportReporter -->
<testsuite hostname="NITHIN" failures="0" tests="5" name="com.execution.MainClass" time="16.806" errors="0" timestamp="2022-05-19T23:24:45 IST" skipped="0">
  <testcase classname="com.execution.MainClass" name="orderID" time="6.316"/>
  <system-out/>
  <testcase classname="com.execution.MainClass" name="searchHotel" time="4.345"/>
  <system-out/>
  <testcase classname="com.execution.MainClass" name="selectHotel" time="1.465"/>
  <system-out/>
  <testcase classname="com.execution.MainClass" name="address" time="2.460"/>
  <system-out/>
  <testcase classname="com.execution.MainClass" name="login" time="2.220"/>
  <system-out/>
</testsuite> <!-- com.execution.MainClass -->
